# JRE version: Java(TM) SE Runtime Environment (8.0_261-b12) (build 1.8.0_261-b12)
# Java VM: Java HotSpot(TM) 64-Bit Server VM (25.261-b12 mixed mode windows-amd64 compressed oops)
Heap:
 PSYoungGen      total 470016K, used 401588K [0x00000000d5c00000, 0x0000000100000000, 0x0000000100000000)
  eden space 440320K, 84% used [0x00000000d5c00000,0x00000000ec72d6e8,0x00000000f0a00000)
  from space 29696K, 99% used [0x00000000f0a00000,0x00000000f26ffc08,0x00000000f2700000)
  to   space 34816K, 0% used [0x00000000fde00000,0x00000000fde00000,0x0000000100000000)
 ParOldGen       total 161280K, used 54163K [0x0000000081400000, 0x000000008b180000, 0x00000000d5c00000)
  object space 161280K, 33% used [0x0000000081400000,0x00000000848e4c70,0x000000008b180000)
 Metaspace       used 83732K, capacity 88298K, committed 88448K, reserved 1126400K
  class space    used 11309K, capacity 12110K, committed 12160K, reserved 1048576K
GC Heap History (10 events):
Event: 43.740 GC heap before
{Heap before GC invocations=10 (full 2):
 PSYoungGen      total 286208K, used 266240K [0x00000000d5c00000, 0x00000000ef900000, 0x0000000100000000)
  eden space 266240K, 100% used [0x00000000d5c00000,0x00000000e6000000,0x00000000e6000000)
  from space 19968K, 0% used [0x00000000e6000000,0x00000000e6000000,0x00000000e7380000)
  to   space 20480K, 0% used [0x00000000ee500000,0x00000000ee500000,0x00000000ef900000)
 ParOldGen       total 139776K, used 40186K [0x0000000081400000, 0x0000000089c80000, 0x00000000d5c00000)
  object space 139776K, 28% used [0x0000000081400000,0x0000000083b3eae8,0x0000000089c80000)
 Metaspace       used 43375K, capacity 44934K, committed 45056K, reserved 1089536K
  class space    used 5468K, capacity 5840K, committed 5888K, reserved 1048576K
Event: 43.889 GC heap after
Heap after GC invocations=10 (full 2):
 PSYoungGen      total 380416K, used 18829K [0x00000000d5c00000, 0x00000000ef780000, 0x0000000100000000)
  eden space 361472K, 0% used [0x00000000d5c00000,0x00000000d5c00000,0x00000000ebd00000)
  from space 18944K, 99% used [0x00000000ee500000,0x00000000ef763628,0x00000000ef780000)
  to   space 22528K, 0% used [0x00000000ecb80000,0x00000000ecb80000,0x00000000ee180000)
 ParOldGen       total 139776K, used 40194K [0x0000000081400000, 0x0000000089c80000, 0x00000000d5c00000)
  object space 139776K, 28% used [0x0000000081400000,0x0000000083b40ae8,0x0000000089c80000)
 Metaspace       used 43375K, capacity 44934K, committed 45056K, reserved 1089536K
  class space    used 5468K, capacity 5840K, committed 5888K, reserved 1048576K
}
Event: 64.872 GC heap before
{Heap before GC invocations=11 (full 2):
 PSYoungGen      total 380416K, used 380301K [0x00000000d5c00000, 0x00000000ef780000, 0x0000000100000000)
  eden space 361472K, 100% used [0x00000000d5c00000,0x00000000ebd00000,0x00000000ebd00000)
  from space 18944K, 99% used [0x00000000ee500000,0x00000000ef763628,0x00000000ef780000)
  to   space 22528K, 0% used [0x00000000ecb80000,0x00000000ecb80000,0x00000000ee180000)
 ParOldGen       total 139776K, used 40194K [0x0000000081400000, 0x0000000089c80000, 0x00000000d5c00000)
  object space 139776K, 28% used [0x0000000081400000,0x0000000083b40ae8,0x0000000089c80000)
 Metaspace       used 55745K, capacity 58164K, committed 58496K, reserved 1099776K
  class space    used 7194K, capacity 7715K, committed 7808K, reserved 1048576K
Event: 65.142 GC heap after
Heap after GC invocations=11 (full 2):
 PSYoungGen      total 398848K, used 22518K [0x00000000d5c00000, 0x00000000f4280000, 0x0000000100000000)
  eden space 376320K, 0% used [0x00000000d5c00000,0x00000000d5c00000,0x00000000ecb80000)
  from space 22528K, 99% used [0x00000000ecb80000,0x00000000ee17dbf0,0x00000000ee180000)
  to   space 28160K, 0% used [0x00000000f2700000,0x00000000f2700000,0x00000000f4280000)
 ParOldGen       total 139776K, used 46552K [0x0000000081400000, 0x0000000089c80000, 0x00000000d5c00000)
  object space 139776K, 33% used [0x0000000081400000,0x00000000841761f8,0x0000000089c80000)
 Metaspace       used 55745K, capacity 58164K, committed 58496K, reserved 1099776K
  class space    used 7194K, capacity 7715K, committed 7808K, reserved 1048576K
}
Event: 65.931 GC heap before
{Heap before GC invocations=12 (full 2):
 PSYoungGen      total 398848K, used 46698K [0x00000000d5c00000, 0x00000000f4280000, 0x0000000100000000)
  eden space 376320K, 6% used [0x00000000d5c00000,0x00000000d739ce88,0x00000000ecb80000)
  from space 22528K, 99% used [0x00000000ecb80000,0x00000000ee17dbf0,0x00000000ee180000)
  to   space 28160K, 0% used [0x00000000f2700000,0x00000000f2700000,0x00000000f4280000)
 ParOldGen       total 139776K, used 46552K [0x0000000081400000, 0x0000000089c80000, 0x00000000d5c00000)
  object space 139776K, 33% used [0x0000000081400000,0x00000000841761f8,0x0000000089c80000)
 Metaspace       used 56321K, capacity 58830K, committed 59008K, reserved 1099776K
  class space    used 7276K, capacity 7798K, committed 7808K, reserved 1048576K
Event: 66.454 GC heap after
Heap after GC invocations=12 (full 2):
 PSYoungGen      total 468480K, used 20732K [0x00000000d5c00000, 0x00000000fc100000, 0x0000000100000000)
  eden space 440320K, 0% used [0x00000000d5c00000,0x00000000d5c00000,0x00000000f0a00000)
  from space 28160K, 73% used [0x00000000f2700000,0x00000000f3b3f1c0,0x00000000f4280000)
  to   space 29696K, 0% used [0x00000000f0a00000,0x00000000f0a00000,0x00000000f2700000)
 ParOldGen       total 139776K, used 46560K [0x0000000081400000, 0x0000000089c80000, 0x00000000d5c00000)
  object space 139776K, 33% used [0x0000000081400000,0x00000000841781f8,0x0000000089c80000)
 Metaspace       used 56321K, capacity 58830K, committed 59008K, reserved 1099776K
  class space    used 7276K, capacity 7798K, committed 7808K, reserved 1048576K
}
Event: 66.454 GC heap before
{Heap before GC invocations=13 (full 3):
 PSYoungGen      total 468480K, used 20732K [0x00000000d5c00000, 0x00000000fc100000, 0x0000000100000000)
  eden space 440320K, 0% used [0x00000000d5c00000,0x00000000d5c00000,0x00000000f0a00000)
  from space 28160K, 73% used [0x00000000f2700000,0x00000000f3b3f1c0,0x00000000f4280000)
  to   space 29696K, 0% used [0x00000000f0a00000,0x00000000f0a00000,0x00000000f2700000)
 ParOldGen       total 139776K, used 46560K [0x0000000081400000, 0x0000000089c80000, 0x00000000d5c00000)
  object space 139776K, 33% used [0x0000000081400000,0x00000000841781f8,0x0000000089c80000)
 Metaspace       used 56321K, capacity 58830K, committed 59008K, reserved 1099776K
  class space    used 7276K, capacity 7798K, committed 7808K, reserved 1048576K
Event: 68.484 GC heap after
Heap after GC invocations=13 (full 3):
 PSYoungGen      total 468480K, used 0K [0x00000000d5c00000, 0x00000000fc100000, 0x0000000100000000)
  eden space 440320K, 0% used [0x00000000d5c00000,0x00000000d5c00000,0x00000000f0a00000)
  from space 28160K, 0% used [0x00000000f2700000,0x00000000f2700000,0x00000000f4280000)
  to   space 29696K, 0% used [0x00000000f0a00000,0x00000000f0a00000,0x00000000f2700000)
 ParOldGen       total 161280K, used 50768K [0x0000000081400000, 0x000000008b180000, 0x00000000d5c00000)
  object space 161280K, 31% used [0x0000000081400000,0x00000000845942f8,0x000000008b180000)
 Metaspace       used 56321K, capacity 58830K, committed 59008K, reserved 1099776K
  class space    used 7276K, capacity 7798K, committed 7808K, reserved 1048576K
}
Event: 104.993 GC heap before
{Heap before GC invocations=14 (full 3):
 PSYoungGen      total 468480K, used 440320K [0x00000000d5c00000, 0x00000000fc100000, 0x0000000100000000)
  eden space 440320K, 100% used [0x00000000d5c00000,0x00000000f0a00000,0x00000000f0a00000)
  from space 28160K, 0% used [0x00000000f2700000,0x00000000f2700000,0x00000000f4280000)
  to   space 29696K, 0% used [0x00000000f0a00000,0x00000000f0a00000,0x00000000f2700000)
 ParOldGen       total 161280K, used 50768K [0x0000000081400000, 0x000000008b180000, 0x00000000d5c00000)
  object space 161280K, 31% used [0x0000000081400000,0x00000000845942f8,0x000000008b180000)
 Metaspace       used 79858K, capacity 83394K, committed 83712K, reserved 1122304K
  class space    used 10775K, capacity 11428K, committed 11520K, reserved 1048576K
Event: 105.452 GC heap after
Heap after GC invocations=14 (full 3):
 PSYoungGen      total 470016K, used 29695K [0x00000000d5c00000, 0x0000000100000000, 0x0000000100000000)
  eden space 440320K, 0% used [0x00000000d5c00000,0x00000000d5c00000,0x00000000f0a00000)
  from space 29696K, 99% used [0x00000000f0a00000,0x00000000f26ffc08,0x00000000f2700000)
  to   space 34816K, 0% used [0x00000000fde00000,0x00000000fde00000,0x0000000100000000)
 ParOldGen       total 161280K, used 54163K [0x0000000081400000, 0x000000008b180000, 0x00000000d5c00000)
  object space 161280K, 33% used [0x0000000081400000,0x00000000848e4c70,0x000000008b180000)
 Metaspace       used 79858K, capacity 83394K, committed 83712K, reserved 1122304K
  class space    used 10775K, capacity 11428K, committed 11520K, reserved 1048576K
}

